<?xml version="1.0" encoding="UTF-8"?>
<!-- Generated by org.testng.reporters.JUnitXMLReporter -->
<testsuite ignored="0" hostname="LAPTOP-PFU2IK8T" failures="0" tests="16" name="Test" time="77.02" errors="0" timestamp="2023-12-28T13:10:04 EST">
  <testcase classname="infyniTestAutomation.InstructorLoginPageTestCases" name="loginAsInstructor" time="19.436"/>
  <testcase classname="infyniTestAutomation.FooterTestcases" name="redirectToAboutUsPage" time="6.206"/>
  <testcase classname="infyniTestAutomation.FooterTestcases" name="Contactuslink" time="1.772"/>
  <testcase classname="infyniTestAutomation.FooterTestcases" name="validateNewsLink" time="0.345"/>
  <testcase classname="infyniTestAutomation.FooterTestcases" name="redirectToFreeWebinarsLink" time="6.912"/>
  <testcase classname="infyniTestAutomation.FooterTestcases" name="redirectTOMentorshipShip" time="7.297"/>
  <testcase classname="infyniTestAutomation.FooterTestcases" name="validateCareersLink" time="3.658"/>
  <testcase classname="infyniTestAutomation.FooterTestcases" name="clickFQAlink" time="5.922"/>
  <testcase classname="infyniTestAutomation.FooterTestcases" name="Businesslink" time="5.333"/>
  <testcase classname="infyniTestAutomation.FooterTestcases" name="Termslinkclick" time="3.649"/>
  <testcase classname="infyniTestAutomation.FooterTestcases" name="redirectToPrivacyPolicyLink" time="1.425"/>
  <testcase classname="infyniTestAutomation.FooterTestcases" name="signup_InstrtuctorTest" time="5.292"/>
  <testcase classname="infyniTestAutomation.FooterTestcases" name="redirectToBecomeAMentorPage" time="1.841"/>
  <testcase classname="infyniTestAutomation.FooterTestcases" name="signup_StudentTest" time="4.049"/>
  <testcase classname="infyniTestAutomation.FooterTestcases" name="Contactaddressinfo" time="0.316"/>
  <testcase classname="infyniTestAutomation.FooterTestcases" name="blogsLinkVerify" time="3.474"/>
</testsuite> <!-- Test -->
